2025-11-21 01:34:55,111 NanoPlot 1.43.0 started with arguments Namespace(threads=2, verbose=False, store=False, raw=False, huge=False, outdir='ERR13298048_QC', no_static=False, prefix='', tsv_stats=False, only_report=False, info_in_report=False, maxlength=None, minlength=None, drop_outliers=False, downsample=None, loglength=False, percentqual=False, alength=False, minqual=None, runtime_until=None, readtype='1D', barcoded=False, no_supplementary=False, color='#4CB391', colormap='Greens', format=['png'], plots=['kde', 'dot'], legacy=None, listcolors=False, listcolormaps=False, no_N50=False, N50=False, title=None, font_scale=1, dpi=100, hide_stats=False, fastq=['ERR13298048.fastq.gz'], fasta=None, fastq_rich=None, fastq_minimal=None, summary=None, bam=None, ubam=None, cram=None, pickle=None, feather=None, path='ERR13298048_QC/')
2025-11-21 01:34:55,112 Python version is: 3.12.7 | packaged by conda-forge | (main, Oct  4 2024, 16:05:46) [GCC 13.3.0]
2025-11-21 01:34:55,126 Nanoget: Starting to collect statistics from plain fastq file.
2025-11-21 01:34:55,127 Nanoget: Decompressing gzipped fastq ERR13298048.fastq.gz
2025-11-21 01:35:00,463 Reduced DataFrame memory usage from 0.4830970764160156Mb to 0.4830970764160156Mb
2025-11-21 01:35:00,475 Nanoget: Gathered all metrics of 31652 reads
2025-11-21 01:35:00,492 Calculated statistics
2025-11-21 01:35:00,493 Using sequenced read lengths for plotting.
2025-11-21 01:35:00,495 NanoPlot:  Valid color #4CB391.
2025-11-21 01:35:00,496 NanoPlot:  Valid colormap Greens.
2025-11-21 01:35:00,497 NanoPlot:  Creating length plots for Read length.
2025-11-21 01:35:00,498 NanoPlot:  Using 31652 reads maximum of 45901bp.
2025-11-21 01:35:01,232 Saved ERR13298048_QC/WeightedHistogramReadlength  as png (or png for --legacy)
2025-11-21 01:35:01,939 Saved ERR13298048_QC/WeightedLogTransformed_HistogramReadlength  as png (or png for --legacy)
2025-11-21 01:35:02,660 Saved ERR13298048_QC/Non_weightedHistogramReadlength  as png (or png for --legacy)
2025-11-21 01:35:03,390 Saved ERR13298048_QC/Non_weightedLogTransformed_HistogramReadlength  as png (or png for --legacy)
2025-11-21 01:35:04,633 Saved ERR13298048_QC/Yield_By_Length  as png (or png for --legacy)
2025-11-21 01:35:04,633 Created length plots
2025-11-21 01:35:04,634 NanoPlot: Creating Read lengths vs Average read quality plots using 31652 reads.
2025-11-21 01:35:06,079 Saved ERR13298048_QC/LengthvsQualityScatterPlot_dot  as png (or png for --legacy)
2025-11-21 01:35:08,220 Saved ERR13298048_QC/LengthvsQualityScatterPlot_kde  as png (or png for --legacy)
2025-11-21 01:35:08,220 Created LengthvsQual plot
2025-11-21 01:35:08,220 Writing html report.
2025-11-21 01:35:08,230 Finished!
